0 info it worked if it ends with ok
1 verbose cli [
1 verbose cli   '/home/precious/.nvm/versions/node/v14.4.0/bin/node',
1 verbose cli   '/home/precious/.nvm/versions/node/v14.4.0/bin/npm',
1 verbose cli   'start'
1 verbose cli ]
2 info using npm@6.14.7
3 info using node@v14.4.0
4 verbose stack Error: missing script: start
4 verbose stack     at run (/home/precious/.nvm/versions/node/v14.4.0/lib/node_modules/npm/lib/run-script.js:155:19)
4 verbose stack     at /home/precious/.nvm/versions/node/v14.4.0/lib/node_modules/npm/lib/run-script.js:63:5
4 verbose stack     at /home/precious/.nvm/versions/node/v14.4.0/lib/node_modules/npm/node_modules/read-package-json/read-json.js:116:5
4 verbose stack     at /home/precious/.nvm/versions/node/v14.4.0/lib/node_modules/npm/node_modules/read-package-json/read-json.js:436:5
4 verbose stack     at checkBinReferences_ (/home/precious/.nvm/versions/node/v14.4.0/lib/node_modules/npm/node_modules/read-package-json/read-json.js:391:45)
4 verbose stack     at final (/home/precious/.nvm/versions/node/v14.4.0/lib/node_modules/npm/node_modules/read-package-json/read-json.js:434:3)
4 verbose stack     at then (/home/precious/.nvm/versions/node/v14.4.0/lib/node_modules/npm/node_modules/read-package-json/read-json.js:161:5)
4 verbose stack     at /home/precious/.nvm/versions/node/v14.4.0/lib/node_modules/npm/node_modules/read-package-json/read-json.js:382:12
4 verbose stack     at /home/precious/.nvm/versions/node/v14.4.0/lib/node_modules/npm/node_modules/graceful-fs/graceful-fs.js:123:16
4 verbose stack     at FSReqCallback.readFileAfterClose [as oncomplete] (internal/fs/read_file_context.js:63:3)
5 verbose cwd /home/precious/Desktop/Todo-List
6 verbose Linux 5.3.0-62-generic
7 verbose argv "/home/precious/.nvm/versions/node/v14.4.0/bin/node" "/home/precious/.nvm/versions/node/v14.4.0/bin/npm" "start"
8 verbose node v14.4.0
9 verbose npm  v6.14.7
10 error missing script: start
11 verbose exit [ 1, true ]
